<?xml version="1.0" encoding="UTF-8"?>
<!-- Generated by org.testng.reporters.JUnitXMLReporter -->
<testsuite ignored="0" hostname="Mayank" failures="3" tests="4" name="ScreenshotTest1" time="14.796" errors="0" timestamp="08 Jan 2025 16:02:53 GMT">
  <testcase classname="seleniumRealTimeInterviewQues.FailedTestCaseClass1" name="test11" time="0.009">
    <failure type="java.lang.AssertionError" message="expected [true] but found [false]">
      <![CDATA[java.lang.AssertionError: expected [true] but found [false]
	at seleniumRealTimeInterviewQues.FailedTestCaseClass1.test11(FailedTestCaseClass1.java:21)
... Removed 29 stack frames]]>
    </failure>
  </testcase> <!-- test11 -->
  <testcase classname="seleniumRealTimeInterviewQues.FailedTestCaseClass1" name="test12" time="0.007">
    <failure type="java.lang.AssertionError" message="expected [true] but found [false]">
      <![CDATA[java.lang.AssertionError: expected [true] but found [false]
	at seleniumRealTimeInterviewQues.FailedTestCaseClass1.test12(FailedTestCaseClass1.java:27)
... Removed 29 stack frames]]>
    </failure>
  </testcase> <!-- test12 -->
  <testcase classname="seleniumRealTimeInterviewQues.FailedTestCaseClass2" name="test21" time="0.002">
    <failure type="java.lang.AssertionError" message="expected [true] but found [false]">
      <![CDATA[java.lang.AssertionError: expected [true] but found [false]
	at seleniumRealTimeInterviewQues.FailedTestCaseClass2.test21(FailedTestCaseClass2.java:21)
... Removed 29 stack frames]]>
    </failure>
  </testcase> <!-- test21 -->
  <testcase classname="seleniumRealTimeInterviewQues.FailedTestCaseClass2" name="test22" time="0.002"/>
</testsuite> <!-- ScreenshotTest1 -->
